<?xml version="1.0" encoding="UTF-8"?>
<testng-results ignored="0" total="4" passed="4" failed="0" skipped="0">
  <reporter-output>
  </reporter-output>
  <suite started-at="2025-02-14T11:10:08 MYT" name="BDDWithParallel" finished-at="2025-02-14T11:10:11 MYT" duration-ms="2510">
    <groups>
      <group name="cucumber">
        <method signature="AbstractTestNGCucumberTests.runScenario(io.cucumber.testng.PickleWrapper,io.cucumber.testng.FeatureWrapper)[pri:0, instance:builds.main.CucumberRun$TestRunner@639c2c1d]" name="runScenario" class="io.cucumber.testng.AbstractTestNGCucumberTests"/>
        <method signature="AbstractTestNGCucumberTests.runScenario(io.cucumber.testng.PickleWrapper,io.cucumber.testng.FeatureWrapper)[pri:0, instance:builds.main.CucumberRun$TestRunner@292b08d6]" name="runScenario" class="io.cucumber.testng.AbstractTestNGCucumberTests"/>
        <method signature="AbstractTestNGCucumberTests.runScenario(io.cucumber.testng.PickleWrapper,io.cucumber.testng.FeatureWrapper)[pri:0, instance:builds.main.CucumberRun$TestRunner@45752059]" name="runScenario" class="io.cucumber.testng.AbstractTestNGCucumberTests"/>
        <method signature="AbstractTestNGCucumberTests.runScenario(io.cucumber.testng.PickleWrapper,io.cucumber.testng.FeatureWrapper)[pri:0, instance:builds.main.CucumberRun$TestRunner@54d9d12d]" name="runScenario" class="io.cucumber.testng.AbstractTestNGCucumberTests"/>
      </group> <!-- cucumber -->
    </groups>
    <test started-at="2025-02-14T11:10:08 MYT" name="Credential 2" finished-at="2025-02-14T11:10:08 MYT" duration-ms="27">
    </test> <!-- Credential 2 -->
    <test started-at="2025-02-14T11:10:08 MYT" name="Credential 1" finished-at="2025-02-14T11:10:08 MYT" duration-ms="27">
    </test> <!-- Credential 1 -->
    <test started-at="2025-02-14T11:10:08 MYT" name="Android Device 2" finished-at="2025-02-14T11:10:11 MYT" duration-ms="2430">
      <class name="builds.main.CucumberRun$TestRunner">
        <test-method is-config="true" signature="setUpClass(org.testng.ITestContext)[pri:0, instance:builds.main.CucumberRun$TestRunner@292b08d6]" started-at="2025-02-14T11:10:08 MYT" name="setUpClass" finished-at="2025-02-14T11:10:10 MYT" duration-ms="1076" status="PASS">
          <params>
            <param index="0">
              <value>
                <![CDATA[org.testng.TestRunner@175b9425]]>
              </value>
            </param>
          </params>
          <reporter-output>
          </reporter-output>
        </test-method> <!-- setUpClass -->
        <test-method signature="runScenario(io.cucumber.testng.PickleWrapper,io.cucumber.testng.FeatureWrapper)[pri:0, instance:builds.main.CucumberRun$TestRunner@292b08d6]" started-at="2025-02-14T11:10:10 MYT" name="runScenario" description="Runs Cucumber Scenarios" data-provider="scenarios" finished-at="2025-02-14T11:10:10 MYT" duration-ms="544" status="PASS">
          <params>
            <param index="0">
              <value>
                <![CDATA["Print Device Driver 2"]]>
              </value>
            </param>
            <param index="1">
              <value>
                <![CDATA["Using IOS 1"]]>
              </value>
            </param>
          </params>
          <reporter-output>
          </reporter-output>
        </test-method> <!-- runScenario -->
        <test-method is-config="true" signature="tearDownClass()[pri:0, instance:builds.main.CucumberRun$TestRunner@292b08d6]" started-at="2025-02-14T11:10:10 MYT" name="tearDownClass" finished-at="2025-02-14T11:10:11 MYT" duration-ms="624" status="PASS">
          <reporter-output>
          </reporter-output>
        </test-method> <!-- tearDownClass -->
      </class> <!-- builds.main.CucumberRun$TestRunner -->
    </test> <!-- Android Device 2 -->
    <test started-at="2025-02-14T11:10:09 MYT" name="iOS Device 2" finished-at="2025-02-14T11:10:11 MYT" duration-ms="2268">
      <class name="builds.main.CucumberRun$TestRunner">
        <test-method is-config="true" signature="setUpClass(org.testng.ITestContext)[pri:0, instance:builds.main.CucumberRun$TestRunner@54d9d12d]" started-at="2025-02-14T11:10:09 MYT" name="setUpClass" finished-at="2025-02-14T11:10:10 MYT" duration-ms="946" status="PASS">
          <params>
            <param index="0">
              <value>
                <![CDATA[org.testng.TestRunner@610f7aa]]>
              </value>
            </param>
          </params>
          <reporter-output>
          </reporter-output>
        </test-method> <!-- setUpClass -->
        <test-method signature="runScenario(io.cucumber.testng.PickleWrapper,io.cucumber.testng.FeatureWrapper)[pri:0, instance:builds.main.CucumberRun$TestRunner@54d9d12d]" started-at="2025-02-14T11:10:10 MYT" name="runScenario" description="Runs Cucumber Scenarios" data-provider="scenarios" finished-at="2025-02-14T11:10:10 MYT" duration-ms="544" status="PASS">
          <params>
            <param index="0">
              <value>
                <![CDATA["Print Device Driver 2"]]>
              </value>
            </param>
            <param index="1">
              <value>
                <![CDATA["Using IOS 1"]]>
              </value>
            </param>
          </params>
          <reporter-output>
          </reporter-output>
        </test-method> <!-- runScenario -->
        <test-method is-config="true" signature="tearDownClass()[pri:0, instance:builds.main.CucumberRun$TestRunner@54d9d12d]" started-at="2025-02-14T11:10:10 MYT" name="tearDownClass" finished-at="2025-02-14T11:10:11 MYT" duration-ms="667" status="PASS">
          <reporter-output>
          </reporter-output>
        </test-method> <!-- tearDownClass -->
        <test-method is-config="true" signature="afterSuite()[pri:0, instance:builds.main.CucumberRun$TestRunner@54d9d12d]" started-at="2025-02-14T11:10:11 MYT" name="afterSuite" finished-at="2025-02-14T11:10:11 MYT" duration-ms="329" status="PASS">
          <reporter-output>
          </reporter-output>
        </test-method> <!-- afterSuite -->
      </class> <!-- builds.main.CucumberRun$TestRunner -->
    </test> <!-- iOS Device 2 -->
    <test started-at="2025-02-14T11:10:09 MYT" name="iOS Device 1" finished-at="2025-02-14T11:10:11 MYT" duration-ms="2286">
      <class name="builds.main.CucumberRun$TestRunner">
        <test-method is-config="true" signature="setUpClass(org.testng.ITestContext)[pri:0, instance:builds.main.CucumberRun$TestRunner@45752059]" started-at="2025-02-14T11:10:09 MYT" name="setUpClass" finished-at="2025-02-14T11:10:10 MYT" duration-ms="946" status="PASS">
          <params>
            <param index="0">
              <value>
                <![CDATA[org.testng.TestRunner@3098cf3b]]>
              </value>
            </param>
          </params>
          <reporter-output>
          </reporter-output>
        </test-method> <!-- setUpClass -->
        <test-method signature="runScenario(io.cucumber.testng.PickleWrapper,io.cucumber.testng.FeatureWrapper)[pri:0, instance:builds.main.CucumberRun$TestRunner@45752059]" started-at="2025-02-14T11:10:10 MYT" name="runScenario" description="Runs Cucumber Scenarios" data-provider="scenarios" finished-at="2025-02-14T11:10:10 MYT" duration-ms="543" status="PASS">
          <params>
            <param index="0">
              <value>
                <![CDATA["Print Device Driver 2"]]>
              </value>
            </param>
            <param index="1">
              <value>
                <![CDATA["Using IOS 1"]]>
              </value>
            </param>
          </params>
          <reporter-output>
          </reporter-output>
        </test-method> <!-- runScenario -->
        <test-method is-config="true" signature="tearDownClass()[pri:0, instance:builds.main.CucumberRun$TestRunner@45752059]" started-at="2025-02-14T11:10:10 MYT" name="tearDownClass" finished-at="2025-02-14T11:10:11 MYT" duration-ms="684" status="PASS">
          <reporter-output>
          </reporter-output>
        </test-method> <!-- tearDownClass -->
      </class> <!-- builds.main.CucumberRun$TestRunner -->
    </test> <!-- iOS Device 1 -->
    <test started-at="2025-02-14T11:10:08 MYT" name="Android Device 1" finished-at="2025-02-14T11:10:11 MYT" duration-ms="2510">
      <class name="builds.main.CucumberRun$TestRunner">
        <test-method is-config="true" signature="setUpClass(org.testng.ITestContext)[pri:0, instance:builds.main.CucumberRun$TestRunner@639c2c1d]" started-at="2025-02-14T11:10:08 MYT" name="setUpClass" finished-at="2025-02-14T11:10:10 MYT" duration-ms="1076" status="PASS">
          <params>
            <param index="0">
              <value>
                <![CDATA[org.testng.TestRunner@a1cdc6d]]>
              </value>
            </param>
          </params>
          <reporter-output>
          </reporter-output>
        </test-method> <!-- setUpClass -->
        <test-method signature="runScenario(io.cucumber.testng.PickleWrapper,io.cucumber.testng.FeatureWrapper)[pri:0, instance:builds.main.CucumberRun$TestRunner@639c2c1d]" started-at="2025-02-14T11:10:10 MYT" name="runScenario" description="Runs Cucumber Scenarios" data-provider="scenarios" finished-at="2025-02-14T11:10:10 MYT" duration-ms="544" status="PASS">
          <params>
            <param index="0">
              <value>
                <![CDATA["Print Device Driver 2"]]>
              </value>
            </param>
            <param index="1">
              <value>
                <![CDATA["Using IOS 1"]]>
              </value>
            </param>
          </params>
          <reporter-output>
          </reporter-output>
        </test-method> <!-- runScenario -->
        <test-method is-config="true" signature="tearDownClass()[pri:0, instance:builds.main.CucumberRun$TestRunner@639c2c1d]" started-at="2025-02-14T11:10:10 MYT" name="tearDownClass" finished-at="2025-02-14T11:10:11 MYT" duration-ms="708" status="PASS">
          <reporter-output>
          </reporter-output>
        </test-method> <!-- tearDownClass -->
      </class> <!-- builds.main.CucumberRun$TestRunner -->
    </test> <!-- Android Device 1 -->
  </suite> <!-- BDDWithParallel -->
</testng-results>
