<?xml version="1.0" encoding="UTF-8"?>
<testsuite xmlns:xsi="http://www.w3.org/2001/XMLSchema-instance" xsi:noNamespaceSchemaLocation="https://maven.apache.org/surefire/maven-surefire-plugin/xsd/surefire-test-report.xsd" version="3.0.2" name="TestSuite" time="3.766" tests="4" errors="0" skipped="0" failures="0">
  <properties>
[...]
</properties>
  <testcase name="runScenario[&quot;Print Device Driver 2&quot;, &quot;Using IOS 1&quot;](1)" classname="builds.main.CucumberRun$TestRunner" time="0.572">
    <system-out><![CDATA[⚠️ Unknown Step Type: HookTestStep
⚠️ Unknown Step Type: HookTestStep
⚠️ Unknown Step Type: HookTestStep
⚠️ Unknown Step Type: HookTestStep
✅ Executing Step: print driver instance ID
✅ Executing Step: print driver instance ID
✅ Executing Step: print driver instance ID
✅ Executing Step: print driver instance ID
0
0
0
0
⚠️ Unknown Step Type: HookTestStep
⚠️ Unknown Step Type: HookTestStep
⚠️ Unknown Step Type: HookTestStep
⚠️ Unknown Step Type: HookTestStep
⚠️ Unknown Step Type: HookTestStep
⚠️ Unknown Step Type: HookTestStep
⚠️ Unknown Step Type: HookTestStep
⚠️ Unknown Step Type: HookTestStep
✅ Executing Step: if 2 bigger than 3
✅ Executing Step: if 2 bigger than 3
✅ Executing Step: if 2 bigger than 3
✅ Executing Step: if 2 bigger than 3
⚠️ Unknown Step Type: HookTestStep
⚠️ Unknown Step Type: HookTestStep
⚠️ Unknown Step Type: HookTestStep
⚠️ Unknown Step Type: HookTestStep
⚠️ Unknown Step Type: HookTestStep
⚠️ Unknown Step Type: HookTestStep
⚠️ Unknown Step Type: HookTestStep
⚠️ Unknown Step Type: HookTestStep
Skipping step: ifObjectBiggerThanObject
Skipping step: ifObjectBiggerThanObject
Skipping step: ifObjectBiggerThanObject
Skipping step: ifObjectBiggerThanObject
✅ Executing Step: print driver instance ID
✅ Executing Step: print driver instance ID
1
1
✅ Executing Step: print driver instance ID
1
✅ Executing Step: print driver instance ID
1
⚠️ Unknown Step Type: HookTestStep
⚠️ Unknown Step Type: HookTestStep
⚠️ Unknown Step Type: HookTestStep
⚠️ Unknown Step Type: HookTestStep
⚠️ Unknown Step Type: HookTestStep
Skipping step: ifObjectBiggerThanObject
⚠️ Unknown Step Type: HookTestStep
⚠️ Unknown Step Type: HookTestStep
✅ Executing Step: print driver instance ID
Skipping step: ifObjectBiggerThanObject
2
Skipping step: ifObjectBiggerThanObject
⚠️ Unknown Step Type: HookTestStep
⚠️ Unknown Step Type: HookTestStep
Skipping step: ifObjectBiggerThanObject
⚠️ Unknown Step Type: HookTestStep
✅ Executing Step: print driver instance ID
✅ Executing Step: print driver instance ID
Skipping step: ifObjectBiggerThanObject
2
2
✅ Executing Step: print driver instance ID
2
⚠️ Unknown Step Type: HookTestStep
⚠️ Unknown Step Type: HookTestStep
⚠️ Unknown Step Type: HookTestStep
✅ Executing Step: print driver instance ID
⚠️ Unknown Step Type: HookTestStep
⚠️ Unknown Step Type: HookTestStep
3
Skipping step: ifObjectBiggerThanObject
Skipping step: ifObjectBiggerThanObject
⚠️ Unknown Step Type: HookTestStep
✅ Executing Step: print driver instance ID
✅ Executing Step: print driver instance ID
⚠️ Unknown Step Type: HookTestStep
3
Skipping step: ifObjectBiggerThanObject
3
⚠️ Unknown Step Type: HookTestStep
Skipping step: ifObjectBiggerThanObject
⚠️ Unknown Step Type: HookTestStep
⚠️ Unknown Step Type: HookTestStep
✅ Executing Step: print driver instance ID
3
✅ Executing Step: end statement
end if: 0
⚠️ Unknown Step Type: HookTestStep
Skipping step: ifObjectBiggerThanObject
⚠️ Unknown Step Type: HookTestStep
⚠️ Unknown Step Type: HookTestStep
Skipping step: ifObjectBiggerThanObject
⚠️ Unknown Step Type: HookTestStep
✅ Executing Step: end statement
✅ Executing Step: end statement
end if: 0
Skipping step: ifObjectBiggerThanObject
end if: 0
⚠️ Unknown Step Type: HookTestStep
⚠️ Unknown Step Type: HookTestStep
⚠️ Unknown Step Type: HookTestStep
✅ Executing Step: end statement
end if: 0
⚠️ Unknown Step Type: HookTestStep
⚠️ Unknown Step Type: HookTestStep
⚠️ Unknown Step Type: HookTestStep
⚠️ Unknown Step Type: HookTestStep
⚠️ Unknown Step Type: HookTestStep
✅ Executing Step: print driver instance ID
4
✅ Executing Step: print driver instance ID
⚠️ Unknown Step Type: HookTestStep
4
✅ Executing Step: print driver instance ID
4
✅ Executing Step: print driver instance ID
⚠️ Unknown Step Type: HookTestStep
⚠️ Unknown Step Type: HookTestStep
4
⚠️ Unknown Step Type: HookTestStep
]]></system-out>
    <system-err><![CDATA[SLF4J(I): Connected with provider of type [org.slf4j.simple.SimpleServiceProvider]
]]></system-err>
  </testcase>
  <testcase name="runScenario[&quot;Print Device Driver 2&quot;, &quot;Using IOS 1&quot;](1)" classname="builds.main.CucumberRun$TestRunner" time="0.576"/>
  <testcase name="runScenario[&quot;Print Device Driver 2&quot;, &quot;Using IOS 1&quot;](1)" classname="builds.main.CucumberRun$TestRunner" time="0.577"/>
  <testcase name="runScenario[&quot;Print Device Driver 2&quot;, &quot;Using IOS 1&quot;](1)" classname="builds.main.CucumberRun$TestRunner" time="0.577"/>
</testsuite>